<?xml version="1.0" encoding="UTF-8"?>
<!-- Generated by org.testng.reporters.JUnitReportReporter -->
<testsuite hostname="BhushanPathak" failures="0" tests="1" name="Com.flipkart.VerifyflipkartPlaceorderFunctionality" time="33.883" errors="0" timestamp="2023-02-12T22:30:09 IST" skipped="0">
  <testcase classname="Com.flipkart.VerifyflipkartPlaceorderFunctionality" name="placeOrder" time="33.883"/>
  <system-out/>
</testsuite> <!-- Com.flipkart.VerifyflipkartPlaceorderFunctionality -->
